<?xml version="1.0" encoding="UTF-8"?>
<!-- Generated by org.testng.reporters.JUnitXMLReporter -->
<testsuite ignored="0" hostname="LPDEV01" failures="0" tests="0" name="DataProviderTest" time="2.842" errors="0" timestamp="2024-02-26T12:47:18 IST">
  <testcase classname="mainPackage.RunnerClass" name="@AfterTest tearDownReports" time="0.024">
    <failure type="java.lang.NullPointerException" message="Cannot invoke &amp;quot;com.aventstack.extentreports.ExtentReports.flush()&amp;quot; because &amp;quot;mainPackage.RunnerClass.extent&amp;quot; is null">
      <![CDATA[java.lang.NullPointerException: Cannot invoke "com.aventstack.extentreports.ExtentReports.flush()" because "mainPackage.RunnerClass.extent" is null
at mainPackage.RunnerClass.tearDownReports(RunnerClass.java:310)
at java.base/java.util.concurrent.FutureTask.run(FutureTask.java:317)
at java.base/java.util.concurrent.ThreadPoolExecutor.runWorker(ThreadPoolExecutor.java:1144)
at java.base/java.util.concurrent.ThreadPoolExecutor$Worker.run(ThreadPoolExecutor.java:642)
at java.base/java.lang.Thread.run(Thread.java:1589)
... Removed 12 stack frames]]>
    </failure>
  </testcase> <!-- @AfterTest tearDownReports -->
</testsuite> <!-- DataProviderTest -->
