<?xml version="1.0" encoding="UTF-8"?>
<!-- Generated by org.testng.reporters.JUnitXMLReporter -->
<testsuite ignored="0" hostname="LPDEV01" failures="0" tests="10" name="DataProviderTest" time="106.563" errors="0" timestamp="2024-03-13T15:26:15 IST">
  <testcase classname="mainPackage.RunnerClass" name="testMethod" time="15.925"/>
  <testcase classname="mainPackage.RunnerClass" name="testMethod" time="31.848"/>
  <testcase classname="mainPackage.RunnerClass" name="testMethod" time="33.974"/>
  <testcase classname="mainPackage.RunnerClass" name="testMethod" time="34.141"/>
  <testcase classname="mainPackage.RunnerClass" name="testMethod" time="35.339"/>
  <testcase classname="mainPackage.RunnerClass" name="testMethod" time="34.642"/>
  <testcase classname="mainPackage.RunnerClass" name="testMethod" time="33.088"/>
  <testcase classname="mainPackage.RunnerClass" name="testMethod" time="33.843"/>
  <testcase classname="mainPackage.RunnerClass" name="testMethod" time="35.944"/>
  <testcase classname="mainPackage.RunnerClass" name="testMethod" time="34.317"/>
</testsuite> <!-- DataProviderTest -->
