<?xml version="1.0" encoding="UTF-8"?>
<!-- Generated by org.testng.reporters.JUnitXMLReporter -->
<testsuite ignored="0" hostname="LPDEV01" failures="0" tests="3" name="Default test" time="31.711" errors="0" timestamp="2024-02-05T11:22:32 GMT+05:30">
  <testcase classname="mainPackage.DataProviderExample" name="testMethod" time="13.982"/>
  <testcase classname="mainPackage.DataProviderExample" name="testMethod" time="14.674"/>
  <testcase classname="mainPackage.DataProviderExample" name="testMethod" time="15.029"/>
</testsuite> <!-- Default test -->
